1695621541617	geckodriver	INFO	Listening on 127.0.0.1:54356
1695621544645	mozrunner::runner	INFO	Running command: "C:\\Program Files\\Mozilla Firefox\\firefox.exe" "--marionette" "--remote-debugging-port" "54357" "--remote-allow-hosts" "localhost" "-no-remote" "-profile" "C:\\Users\\kavit\\AppData\\Local\\Temp\\rust_mozprofileS6zycf"
console.warn: services.settings: Ignoring preference override of remote settings server
console.warn: services.settings: Allow by setting MOZ_REMOTE_SETTINGS_DEVTOOLS=1 in the environment
1695621545365	Marionette	INFO	Marionette enabled
Dynamically enable window occlusion 0
1695621545595	Marionette	INFO	Listening on port 54367
WebDriver BiDi listening on ws://127.0.0.1:54357
Read port: 54367
1695621545986	RemoteAgent	WARN	TLS certificate errors will be ignored for this session
DevTools listening on ws://127.0.0.1:54357/devtools/browser/8555d920-0757-4777-baef-0a32517cda6c
1695621567561	Marionette	INFO	Stopped listening on port 54367
Dynamically enable window occlusion 1
1695621644295	geckodriver	INFO	Listening on 127.0.0.1:54491
1695621647329	mozrunner::runner	INFO	Running command: "C:\\Program Files\\Mozilla Firefox\\firefox.exe" "--marionette" "--remote-debugging-port" "54492" "--remote-allow-hosts" "localhost" "-no-remote" "-profile" "C:\\Users\\kavit\\AppData\\Local\\Temp\\rust_mozprofilezkQizg"
console.warn: services.settings: Ignoring preference override of remote settings server
console.warn: services.settings: Allow by setting MOZ_REMOTE_SETTINGS_DEVTOOLS=1 in the environment
1695621647868	Marionette	INFO	Marionette enabled
Dynamically enable window occlusion 0
1695621648092	Marionette	INFO	Listening on port 54515
WebDriver BiDi listening on ws://127.0.0.1:54492
Read port: 54515
1695621648305	RemoteAgent	WARN	TLS certificate errors will be ignored for this session
DevTools listening on ws://127.0.0.1:54492/devtools/browser/0ece3241-03b4-46a7-a442-9f5317223b45
console.warn: LoginRecipes: "Falling back to a synchronous message for: https://consent.google.com."
console.warn: LoginRecipes: "Falling back to a synchronous message for: https://consent.google.com."
JavaScript warning: https://www.google.com/xjs/_/js/k=xjs.hd.en.JpDhbjDPzRQ.O/ck=xjs.hd.n0FAzkPIGGk.L.F4.O/am=CAAAAAAAAAAAAAAAAgCgBsIhgA0wQCAAAgAAEACAggIRBDAAQMCjfMAACAkAlMAEEAd7AIAlVAMAAAAAIOwHAAAAAABYAAQASA1gQAhYBAQAAABAHgCABwAYRFgAAAAAAAAAAACAgCcIBhckAAICIAAAAAAAAAAAACCVTV4MIA/d=1/exm=IvPZ6d,MkHyGd,SNUn3,cEt90b,cdos,cr,csi,d,dtl0hd,eHDfl,hsm,jsa,kHVSUb,lLQWFe,mb4ZUb,ofjVkb,qddgKe,sTsDMc,ws9Tlc,x4FYXe,x8cHvb/ed=1/dg=2/rs=ACT90oEdJDSCTpsmnJo3PxUQZd8XJkLzWw/ee=AfeaP:TkrAjf;BMxAGc:E5bFse;BgS6mb:fidj5d;BjwMce:cXX2Wb;CxXAWb:YyRLvc;DULqB:RKfG5c;DpcR3d:zL72xf;EABSZ:MXZt9d;ESrPQc:mNTJvc;EVNhjf:pw70Gc;EmZ2Bf:zr1jrb;Erl4fe:FloWmf;F9mqte:UoRcbe;Fmv9Nc:O1Tzwc;G0KhTb:LIaoZ;G6wU6e:hezEbd;GleZL:J1A7Od;IoGlCf:b5lhvb;JXS8fb:Qj0suc;JsbNhc:Xd8iUd;K8vqCc:MyIcle;KQzWid:mB4wNe;KcokUb:KiuZBf;KpRAue:Tia57b;LBgRLc:XVMNvd;LEikZe:byfTOb,lsjVmc;LsNahb:ucGLNb;NPKaK:PVlQOd;NSEoX:lazG7b;Np8Qkd:Dpx6qc;Nyt6ic:jn2sGd;Oj465e:KG2eXe;Pjplud:PoEs9b;PqHfGe:im2cZe;Q1Ow7b:x5CSu;QGR0gd:Mlhmy;R2kc8b:ALJqWb;R4IIIb:QWfeKf;R9Ulx:CR7Ufe;SLtqO:Kh1xYe;SMDL4c:fTfGO;TxfV6d:YORN0b;U96pRd:FsR04;UDrY1c:eps46d;UVmjEd:EesRsb;UyG7Kb:wQd0G;V2HTTe:RolTY;VGRfx:VFqbr;VN6jIc:ddQyuf;VOcgDe:YquhTb;VxQ32b:k0XsBb;WCEKNd:I46Hvd;WDGyFe:jcVOxd;Wfmdue:g3MJlb;XUezZ:sa7lqb;ZWEUA:afR4Cf;ZrFutb:W4Cdfc;a56pNe:JEfCwb;aAJE9c:WHW6Ef;aZ61od:arTwJ;bFZ6gf:RsDQqe;bcPXSc:gSZLJb;cFTWae:gT8qnd;dIoSBb:ZgGg9b;dLlj2:Qqt3Gf;daB6be:lMxGPd;eBAeSb:Ck63tb;eBZ5Nd:audvde;g8nkx:U4MzKc;gaub4:TN6bMe;gtVSi:ekUOYd;hK67qb:QWEO5b;hjRo6e:F62sG;iFQyKf:QIhFr;imqimf:jKGL2e;io8t5d:sgY6Zb;jY0zg:Q6tNgc;kCQyJ:ueyPK;kMFpHd:OTA3Ae;lkq0A:JyBE3e;lzgfYb:PI40bd;nAFL3:s39S4;oGtAuc:sOXFj;oSUNyd:fTfGO;oUlnpc:RagDlc;okUaUd:wItadb;pNsl2d:j9Yuyc;pXdRYb:JKoKVe;pj82le:mg5CW;qGV2uc:HHi04c;qZx2Fc:j0xrE;qaS3gd:yiLg6e;qavrXe:zQzcXe;rQSrae:C6D5Fc;sP4Vbe:VwDzFe;tH4IIe:Ymry6;tosKvd:ZCqP3;trZL0b:qY8PFe;uY49fb:COQbmf;uknmt:GkPrzb;uuQkY:u2V3ud;vfVwPd:lcrkwe;w3bZCb:ZPGaIb;w9w86d:dt4g2b;wQlYve:aLUfP;wR5FRb:TtcOte;wV5Pjc:L8KGxe;whEZac:F4AmNb;xBbsrc:NEW1Qc;xbe2wc:wbTLEd;yGxLoc:FmAr0c;yxTchf:KUM7Z;z97YGf:oug9te;zOsCQe:Ko78Df/m=B2qlPe,DhPYme,EkevXb,GU4Gab,MpJwZc,NzU6V,UUJqVe,aa,abd,async,epYOx,ms4mZb,pHXghd,q0xTif,s39S4,sOXFj,sb_wiz,sf?xjs=s2, line 30: Script terminated by timeout at:
ehc@https://www.google.com/xjs/_/js/k=xjs.hd.en.JpDhbjDPzRQ.O/ck=xjs.hd.n0FAzkPIGGk.L.F4.O/am=CAAAAAAAAAAAAAAAAgCgBsIhgA0wQCAAAgAAEACAggIRBDAAQMCjfMAACAkAlMAEEAd7AIAlVAMAAAAAIOwHAAAAAABYAAQASA1gQAhYBAQAAABAHgCABwAYRFgAAAAAAAAAAACAgCcIBhckAAICIAAAAAAAAAAAACCVTV4MIA/d=1/exm=IvPZ6d,MkHyGd,SNUn3,cEt90b,cdos,cr,csi,d,dtl0hd,eHDfl,hsm,jsa,kHVSUb,lLQWFe,mb4ZUb,ofjVkb,qddgKe,sTsDMc,ws9Tlc,x4FYXe,x8cHvb/ed=1/dg=2/rs=ACT90oEdJDSCTpsmnJo3PxUQZd8XJkLzWw/ee=AfeaP:TkrAjf;BMxAGc:E5bFse;BgS6mb:fidj5d;BjwMce:cXX2Wb;CxXAWb:YyRLvc;DULqB:RKfG5c;DpcR3d:zL72xf;EABSZ:MXZt9d;ESrPQc:mNTJvc;EVNhjf:pw70Gc;EmZ2Bf:zr1jrb;Erl4fe:FloWmf;F9mqte:UoRcbe;Fmv9Nc:O1Tzwc;G0KhTb:LIaoZ;G6wU6e:hezEbd;GleZL:J1A7Od;IoGlCf:b5lhvb;JXS8fb:Qj0suc;JsbNhc:Xd8iUd;K8vqCc:MyIcle;KQzWid:mB4wNe;KcokUb:KiuZBf;KpRAue:Tia57b;LBgRLc:XVMNvd;LEikZe:byfTOb,lsjVmc;LsNahb:ucGLNb;NPKaK:PVlQOd;NSEoX:lazG7b;Np8Qkd:Dpx6qc;Nyt6ic:jn2sGd;Oj465e:KG2eXe;Pjplud:PoEs9b;PqHfGe:im2cZe;Q1Ow7b:x5CSu;QGR0gd:Mlhmy;R2kc8b:ALJqWb;R4IIIb:QWfeKf;R9Ulx:CR7Ufe;SLtqO:Kh1xYe;SMDL4c:fTfGO;TxfV6d:YORN0b;U96pRd:FsR04;UDrY1c:eps46d;UVmjEd:EesRsb;UyG7Kb:wQd0G;V2HTTe:RolTY;VGRfx:VFqbr;VN6jIc:ddQyuf;VOcgDe:YquhTb;VxQ32b:k0XsBb;WCEKNd:I46Hvd;WDGyFe:jcVOxd;Wfmdue:g3MJlb;XUezZ:sa7lqb;ZWEUA:afR4Cf;ZrFutb:W4Cdfc;a56pNe:JEfCwb;aAJE9c:WHW6Ef;aZ61od:arTwJ;bFZ6gf:RsDQqe;bcPXSc:gSZLJb;cFTWae:gT8qnd;dIoSBb:ZgGg9b;dLlj2:Qqt3Gf;daB6be:lMxGPd;eBAeSb:Ck63tb;eBZ5Nd:audvde;g8nkx:U4MzKc;gaub4:TN6bMe;gtVSi:ekUOYd;hK67qb:QWEO5b;hjRo6e:F62sG;iFQyKf:QIhFr;imqimf:jKGL2e;io8t5d:sgY6Zb;jY0zg:Q6tNgc;kCQyJ:ueyPK;kMFpHd:OTA3Ae;lkq0A:JyBE3e;lzgfYb:PI40bd;nAFL3:s39S4;oGtAuc:sOXFj;oSUNyd:fTfGO;oUlnpc:RagDlc;okUaUd:wItadb;pNsl2d:j9Yuyc;pXdRYb:JKoKVe;pj82le:mg5CW;qGV2uc:HHi04c;qZx2Fc:j0xrE;qaS3gd:yiLg6e;qavrXe:zQzcXe;rQSrae:C6D5Fc;sP4Vbe:VwDzFe;tH4IIe:Ymry6;tosKvd:ZCqP3;trZL0b:qY8PFe;uY49fb:COQbmf;uknmt:GkPrzb;uuQkY:u2V3ud;vfVwPd:lcrkwe;w3bZCb:ZPGaIb;w9w86d:dt4g2b;wQlYve:aLUfP;wR5FRb:TtcOte;wV5Pjc:L8KGxe;whEZac:F4AmNb;xBbsrc:NEW1Qc;xbe2wc:wbTLEd;yGxLoc:FmAr0c;yxTchf:KUM7Z;z97YGf:oug9te;zOsCQe:Ko78Df/m=B2qlPe,DhPYme,EkevXb,GU4Gab,MpJwZc,NzU6V,UUJqVe,aa,abd,async,epYOx,ms4mZb,pHXghd,q0xTif,s39S4,sOXFj,sb_wiz,sf?xjs=s2:30:442
_.Egc@https://www.google.com/xjs/_/js/k=xjs.hd.en.JpDhbjDPzRQ.O/ck=xjs.hd.n0FAzkPIGGk.L.F4.O/am=CAAAAAAAAAAAAAAAAgCgBsIhgA0wQCAAAgAAEACAggIRBDAAQMCjfMAACAkAlMAEEAd7AIAlVAMAAAAAIOwHAAAAAABYAAQASA1gQAhYBAQAAABAHgCABwAYRFgAAAAAAAAAAACAgCcIBhckAAICIAAAAAAAAAAAACCVTV4MIA/d=1/exm=IvPZ6d,MkHyGd,SNUn3,cEt90b,cdos,cr,csi,d,dtl0hd,eHDfl,hsm,jsa,kHVSUb,lLQWFe,mb4ZUb,ofjVkb,qddgKe,sTsDMc,ws9Tlc,x4FYXe,x8cHvb/ed=1/dg=2/rs=ACT90oEdJDSCTpsmnJo3PxUQZd8XJkLzWw/ee=AfeaP:TkrAjf;BMxAGc:E5bFse;BgS6mb:fidj5d;BjwMce:cXX2Wb;CxXAWb:YyRLvc;DULqB:RKfG5c;DpcR3d:zL72xf;EABSZ:MXZt9d;ESrPQc:mNTJvc;EVNhjf:pw70Gc;EmZ2Bf:zr1jrb;Erl4fe:FloWmf;F9mqte:UoRcbe;Fmv9Nc:O1Tzwc;G0KhTb:LIaoZ;G6wU6e:hezEbd;GleZL:J1A7Od;IoGlCf:b5lhvb;JXS8fb:Qj0suc;JsbNhc:Xd8iUd;K8vqCc:MyIcle;KQzWid:mB4wNe;KcokUb:KiuZBf;KpRAue:Tia57b;LBgRLc:XVMNvd;LEikZe:byfTOb,lsjVmc;LsNahb:ucGLNb;NPKaK:PVlQOd;NSEoX:lazG7b;Np8Qkd:Dpx6qc;Nyt6ic:jn2sGd;Oj465e:KG2eXe;Pjplud:PoEs9b;PqHfGe:im2cZe;Q1Ow7b:x5CSu;QGR0gd:Mlhmy;R2kc8b:ALJqWb;R4IIIb:QWfeKf;R9Ulx:CR7Ufe;SLtqO:Kh1xYe;SMDL4c:fTfGO;TxfV6d:YORN0b;U96pRd:FsR04;UDrY1c:eps46d;UVmjEd:EesRsb;UyG7Kb:wQd0G;V2HTTe:RolTY;VGRfx:VFqbr;VN6jIc:ddQyuf;VOcgDe:YquhTb;VxQ32b:k0XsBb;WCEKNd:I46Hvd;WDGyFe:jcVOxd;Wfmdue:g3MJlb;XUezZ:sa7lqb;ZWEUA:afR4Cf;ZrFutb:W4Cdfc;a56pNe:JEfCwb;aAJE9c:WHW6Ef;aZ61od:arTwJ;bFZ6gf:RsDQqe;bcPXSc:gSZLJb;cFTWae:gT8qnd;dIoSBb:ZgGg9b;dLlj2:Qqt3Gf;daB6be:lMxGPd;eBAeSb:Ck63tb;eBZ5Nd:audvde;g8nkx:U4MzKc;gaub4:TN6bMe;gtVSi:ekUOYd;hK67qb:QWEO5b;hjRo6e:F62sG;iFQyKf:QIhFr;imqimf:jKGL2e;io8t5d:sgY6Zb;jY0zg:Q6tNgc;kCQyJ:ueyPK;kMFpHd:OTA3Ae;lkq0A:JyBE3e;lzgfYb:PI40bd;nAFL3:s39S4;oGtAuc:sOXFj;oSUNyd:fTfGO;oUlnpc:RagDlc;okUaUd:wItadb;pNsl2d:j9Yuyc;pXdRYb:JKoKVe;pj82le:mg5CW;qGV2uc:HHi04c;qZx2Fc:j0xrE;qaS3gd:yiLg6e;qavrXe:zQzcXe;rQSrae:C6D5Fc;sP4Vbe:VwDzFe;tH4IIe:Ymry6;tosKvd:ZCqP3;trZL0b:qY8PFe;uY49fb:COQbmf;uknmt:GkPrzb;uuQkY:u2V3ud;vfVwPd:lcrkwe;w3bZCb:ZPGaIb;w9w86d:dt4g2b;wQlYve:aLUfP;wR5FRb:TtcOte;wV5Pjc:L8KGxe;whEZac:F4AmNb;xBbsrc:NEW1Qc;xbe2wc:wbTLEd;yGxLoc:FmAr0c;yxTchf:KUM7Z;z97YGf:oug9te;zOsCQe:Ko78Df/m=B2qlPe,DhPYme,EkevXb,GU4Gab,MpJwZc,NzU6V,UUJqVe,aa,abd,async,epYOx,ms4mZb,pHXghd,q0xTif,s39S4,sOXFj,sb_wiz,sf?xjs=s2:30:40
Fgc/<@https://www.google.com/xjs/_/js/k=xjs.hd.en.JpDhbjDPzRQ.O/ck=xjs.hd.n0FAzkPIGGk.L.F4.O/am=CAAAAAAAAAAAAAAAAgCgBsIhgA0wQCAAAgAAEACAggIRBDAAQMCjfMAACAkAlMAEEAd7AIAlVAMAAAAAIOwHAAAAAABYAAQASA1gQAhYBAQAAABAHgCABwAYRFgAAAAAAAAAAACAgCcIBhckAAICIAAAAAAAAAAAACCVTV4MIA/d=1/exm=IvPZ6d,MkHyGd,SNUn3,cEt90b,cdos,cr,csi,d,dtl0hd,eHDfl,hsm,jsa,kHVSUb,lLQWFe,mb4ZUb,ofjVkb,qddgKe,sTsDMc,ws9Tlc,x4FYXe,x8cHvb/ed=1/dg=2/rs=ACT90oEdJDSCTpsmnJo3PxUQZd8XJkLzWw/ee=AfeaP:TkrAjf;BMxAGc:E5bFse;BgS6mb:fidj5d;BjwMce:cXX2Wb;CxXAWb:YyRLvc;DULqB:RKfG5c;DpcR3d:zL72xf;EABSZ:MXZt9d;ESrPQc:mNTJvc;EVNhjf:pw70Gc;EmZ2Bf:zr1jrb;Erl4fe:FloWmf;F9mqte:UoRcbe;Fmv9Nc:O1Tzwc;G0KhTb:LIaoZ;G6wU6e:hezEbd;GleZL:J1A7Od;IoGlCf:b5lhvb;JXS8fb:Qj0suc;JsbNhc:Xd8iUd;K8vqCc:MyIcle;KQzWid:mB4wNe;KcokUb:KiuZBf;KpRAue:Tia57b;LBgRLc:XVMNvd;LEikZe:byfTOb,lsjVmc;LsNahb:ucGLNb;NPKaK:PVlQOd;NSEoX:lazG7b;Np8Qkd:Dpx6qc;Nyt6ic:jn2sGd;Oj465e:KG2eXe;Pjplud:PoEs9b;PqHfGe:im2cZe;Q1Ow7b:x5CSu;QGR0gd:Mlhmy;R2kc8b:ALJqWb;R4IIIb:QWfeKf;R9Ulx:CR7Ufe;SLtqO:Kh1xYe;SMDL4c:fTfGO;TxfV6d:YORN0b;U96pRd:FsR04;UDrY1c:eps46d;UVmjEd:EesRsb;UyG7Kb:wQd0G;V2HTTe:RolTY;VGRfx:VFqbr;VN6jIc:ddQyuf;VOcgDe:YquhTb;VxQ32b:k0XsBb;WCEKNd:I46Hvd;WDGyFe:jcVOxd;Wfmdue:g3MJlb;XUezZ:sa7lqb;ZWEUA:afR4Cf;ZrFutb:W4Cdfc;a56pNe:JEfCwb;aAJE9c:WHW6Ef;aZ61od:arTwJ;bFZ6gf:RsDQqe;bcPXSc:gSZLJb;cFTWae:gT8qnd;dIoSBb:ZgGg9b;dLlj2:Qqt3Gf;daB6be:lMxGPd;eBAeSb:Ck63tb;eBZ5Nd:audvde;g8nkx:U4MzKc;gaub4:TN6bMe;gtVSi:ekUOYd;hK67qb:QWEO5b;hjRo6e:F62sG;iFQyKf:QIhFr;imqimf:jKGL2e;io8t5d:sgY6Zb;jY0zg:Q6tNgc;kCQyJ:ueyPK;kMFpHd:OTA3Ae;lkq0A:JyBE3e;lzgfYb:PI40bd;nAFL3:s39S4;oGtAuc:sOXFj;oSUNyd:fTfGO;oUlnpc:RagDlc;okUaUd:wItadb;pNsl2d:j9Yuyc;pXdRYb:JKoKVe;pj82le:mg5CW;qGV2uc:HHi04c;qZx2Fc:j0xrE;qaS3gd:yiLg6e;qavrXe:zQzcXe;rQSrae:C6D5Fc;sP4Vbe:VwDzFe;tH4IIe:Ymry6;tosKvd:ZCqP3;trZL0b:qY8PFe;uY49fb:COQbmf;uknmt:GkPrzb;uuQkY:u2V3ud;vfVwPd:lcrkwe;w3bZCb:ZPGaIb;w9w86d:dt4g2b;wQlYve:aLUfP;wR5FRb:TtcOte;wV5Pjc:L8KGxe;whEZac:F4AmNb;xBbsrc:NEW1Qc;xbe2wc:wbTLEd;yGxLoc:FmAr0c;yxTchf:KUM7Z;z97YGf:oug9te;zOsCQe:Ko78Df/m=B2qlPe,DhPYme,EkevXb,GU4Gab,MpJwZc,NzU6V,UUJqVe,aa,abd,async,epYOx,ms4mZb,pHXghd,q0xTif,s39S4,sOXFj,sb_wiz,sf?xjs=s2:21:115
Vta@https://www.google.com/xjs/_/js/k=xjs.hd.en.JpDhbjDPzRQ.O/am=CAAAAAAAAAAAAAAAAgCgBsIhgA0wQCAAAgAAEACAggIRBDAAQMCjfMAACAkAlMAEEAd7AIAlVAMAAAAAIOwHAAAAAABYAAQASA1gQAhYBAQAAABAHgCABwAYRFgAAAAAAAAAAACAgCcIBhckAAICIAAAAAAAAAAAACCVTV4MIA/d=1/ed=1/dg=2/rs=ACT90oGZX4nCldNu6GWIKAX5BaERssDqNg/m=cdos,cr,hsm,jsa,mb4ZUb,d,csi,cEt90b,SNUn3,qddgKe,sTsDMc,dtl0hd,eHDfl:418:292
Sta@https://www.google.com/xjs/_/js/k=xjs.hd.en.JpDhbjDPzRQ.O/am=CAAAAAAAAAAAAAAAAgCgBsIhgA0wQCAAAgAAEACAggIRBDAAQMCjfMAACAkAlMAEEAd7AIAlVAMAAAAAIOwHAAAAAABYAAQASA1gQAhYBAQAAABAHgCABwAYRFgAAAAAAAAAAACAgCcIBhckAAICIAAAAAAAAAAAACCVTV4MIA/d=1/ed=1/dg=2/rs=ACT90oGZX4nCldNu6GWIKAX5BaERssDqNg/m=cdos,cr,hsm,jsa,mb4ZUb,d,csi,cEt90b,SNUn3,qddgKe,sTsDMc,dtl0hd,eHDfl:418:341
b@https://www.google.com/xjs/_/js/k=xjs.hd.en.JpDhbjDPzRQ.O/am=CAAAAAAAAAAAAAAAAgCgBsIhgA0wQCAAAgAAEACAggIRBDAAQMCjfMAACAkAlMAEEAd7AIAlVAMAAAAAIOwHAAAAAABYAAQASA1gQAhYBAQAAABAHgCABwAYRFgAAAAAAAAAAACAgCcIBhckAAICIAAAAAAAAAAAACCVTV4MIA/d=1/ed=1/dg=2/rs=ACT90oGZX4nCldNu6GWIKAX5BaERssDqNg/m=cdos,cr,hsm,jsa,mb4ZUb,d,csi,cEt90b,SNUn3,qddgKe,sTsDMc,dtl0hd,eHDfl:414:49

1695621688031	Marionette	INFO	Stopped listening on port 54515
Dynamically enable window occlusion 1
1695621701677	geckodriver	INFO	Listening on 127.0.0.1:54601
1695621704793	mozrunner::runner	INFO	Running command: "C:\\Program Files\\Mozilla Firefox\\firefox.exe" "--marionette" "--remote-debugging-port" "54602" "--remote-allow-hosts" "localhost" "-no-remote" "-profile" "C:\\Users\\kavit\\AppData\\Local\\Temp\\rust_mozprofile4V8tXj"
console.warn: services.settings: Ignoring preference override of remote settings server
console.warn: services.settings: Allow by setting MOZ_REMOTE_SETTINGS_DEVTOOLS=1 in the environment
1695621705363	Marionette	INFO	Marionette enabled
Dynamically enable window occlusion 0
1695621705600	Marionette	INFO	Listening on port 54612
WebDriver BiDi listening on ws://127.0.0.1:54602
Read port: 54612
1695621706059	RemoteAgent	WARN	TLS certificate errors will be ignored for this session
DevTools listening on ws://127.0.0.1:54602/devtools/browser/c7854e43-00e8-4d8e-9813-f950097d5f92
1695621715654	Marionette	INFO	Stopped listening on port 54612
Dynamically enable window occlusion 1
